Mar 26 2023 17:39:30
{"Number":8192,"Message":"base64_encode(): Passing null to parameter #1 ($string) of type string is deprecated","File":"C:\\Users\\jahme\\Local Sites\\financial-institution\\app\\public\\wp-content\\plugins\\all-in-one-wp-migration\\lib\\model\\export\\class-ai1wm-export-config.php","Line":171}

Mar 26 2023 17:40:42
{"type":8192,"message":"Return type of Requests_Utility_CaseInsensitiveDictionary::getIterator() should either be compatible with IteratorAggregate::getIterator(): Traversable, or the #[\\ReturnTypeWillChange] attribute should be used to temporarily suppress the notice","file":"C:\\Users\\jahme\\Local Sites\\financial-institution\\app\\public\\wp-includes\\Requests\\Utility\\CaseInsensitiveDictionary.php","line":91}

Mar 26 2023 17:40:42
{"type":8192,"message":"Return type of Requests_Utility_CaseInsensitiveDictionary::getIterator() should either be compatible with IteratorAggregate::getIterator(): Traversable, or the #[\\ReturnTypeWillChange] attribute should be used to temporarily suppress the notice","file":"C:\\Users\\jahme\\Local Sites\\financial-institution\\app\\public\\wp-includes\\Requests\\Utility\\CaseInsensitiveDictionary.php","line":91}

Mar 26 2023 17:40:51
{"Number":2,"Message":"rmdir(C:\\Users\\jahme\\Local Sites\\financial-institution\\app\\public\\wp-content\\plugins\\all-in-one-wp-migration\\storage\\shoycip9vlcz): Directory not empty","File":"C:\\Users\\jahme\\Local Sites\\financial-institution\\app\\public\\wp-content\\plugins\\all-in-one-wp-migration\\lib\\vendor\\servmask\\filesystem\\class-ai1wm-directory.php","Line":72}

Mar 26 2023 17:41:03
{"type":8192,"message":"Return type of Requests_Utility_CaseInsensitiveDictionary::getIterator() should either be compatible with IteratorAggregate::getIterator(): Traversable, or the #[\\ReturnTypeWillChange] attribute should be used to temporarily suppress the notice","file":"C:\\Users\\jahme\\Local Sites\\financial-institution\\app\\public\\wp-includes\\Requests\\Utility\\CaseInsensitiveDictionary.php","line":91}

Mar 26 2023 17:43:05
{"type":8192,"message":"Return type of Requests_Utility_CaseInsensitiveDictionary::getIterator() should either be compatible with IteratorAggregate::getIterator(): Traversable, or the #[\\ReturnTypeWillChange] attribute should be used to temporarily suppress the notice","file":"C:\\Users\\jahme\\Local Sites\\financial-institution\\app\\public\\wp-includes\\Requests\\Utility\\CaseInsensitiveDictionary.php","line":91}

Mar 26 2023 17:43:09
{"Number":8192,"Message":"base64_encode(): Passing null to parameter #1 ($string) of type string is deprecated","File":"C:\\Users\\jahme\\Local Sites\\financial-institution\\app\\public\\wp-content\\plugins\\all-in-one-wp-migration\\lib\\model\\export\\class-ai1wm-export-config.php","Line":171}

Mar 26 2023 17:44:05
{"type":8192,"message":"Return type of Requests_Utility_CaseInsensitiveDictionary::getIterator() should either be compatible with IteratorAggregate::getIterator(): Traversable, or the #[\\ReturnTypeWillChange] attribute should be used to temporarily suppress the notice","file":"C:\\Users\\jahme\\Local Sites\\financial-institution\\app\\public\\wp-includes\\Requests\\Utility\\CaseInsensitiveDictionary.php","line":91}

Mar 26 2023 17:44:23
{"type":8192,"message":"Return type of Requests_Utility_CaseInsensitiveDictionary::getIterator() should either be compatible with IteratorAggregate::getIterator(): Traversable, or the #[\\ReturnTypeWillChange] attribute should be used to temporarily suppress the notice","file":"C:\\Users\\jahme\\Local Sites\\financial-institution\\app\\public\\wp-includes\\Requests\\Utility\\CaseInsensitiveDictionary.php","line":91}

Mar 26 2023 17:44:38
{"Number":2,"Message":"rmdir(C:\\Users\\jahme\\Local Sites\\financial-institution\\app\\public\\wp-content\\plugins\\all-in-one-wp-migration\\storage\\h21ydz3uwte2): Directory not empty","File":"C:\\Users\\jahme\\Local Sites\\financial-institution\\app\\public\\wp-content\\plugins\\all-in-one-wp-migration\\lib\\vendor\\servmask\\filesystem\\class-ai1wm-directory.php","Line":72}

Mar 26 2023 17:44:44
{"Number":2,"Message":"filesize(): stat failed for C:\\Users\\jahme\\Local Sites\\financial-institution\\app\\public\\wp-content\\plugins\\all-in-one-wp-migration\\storage\\h21ydz3uwte2\\financial-institution.local-20230326-184305-kutnrw.wpress","File":"C:\\Users\\jahme\\Local Sites\\financial-institution\\app\\public\\wp-content\\plugins\\all-in-one-wp-migration\\lib\\vendor\\servmask\\archiver\\class-ai1wm-archiver.php","Line":231}

